# JRE version: OpenJDK Runtime Environment Temurin-17.0.10+7 (17.0.10+7) (build 17.0.10+7)
# Java VM: OpenJDK 64-Bit Server VM Temurin-17.0.10+7 (17.0.10+7, mixed mode, tiered, compressed oops, compressed class ptrs, g1 gc, windows-amd64)
GC Precious Log:
 CPUs: 4 total, 4 available
 Memory: 8083M
 Large Page Support: Disabled
 NUMA Support: Disabled
 Compressed Oops: Enabled (32-bit)
 Heap Region Size: 1M
 Heap Min Capacity: 8M
 Heap Initial Capacity: 128M
 Heap Max Capacity: 2022M
 Pre-touch: Disabled
 Parallel Workers: 4
 Concurrent Workers: 1
 Concurrent Refinement Workers: 4
 Periodic GC: Disabled
Heap:
 garbage-first heap   total 96256K, used 59651K [0x0000000081a00000, 0x0000000100000000)
  region size 1024K, 2 young (2048K), 1 survivors (1024K)
 Metaspace       used 40709K, committed 41024K, reserved 1114112K
  class space    used 4619K, committed 4736K, reserved 1048576K
GC Heap History (20 events):
Event: 3.166 GC heap before
{Heap before GC invocations=5 (full 0):
 garbage-first heap   total 48128K, used 36339K [0x0000000081a00000, 0x0000000100000000)
  region size 1024K, 28 young (28672K), 4 survivors (4096K)
 Metaspace       used 25879K, committed 26176K, reserved 1114112K
  class space    used 2718K, committed 2880K, reserved 1048576K
}
Event: 3.178 GC heap after
{Heap after GC invocations=6 (full 0):
 garbage-first heap   total 48128K, used 16386K [0x0000000081a00000, 0x0000000100000000)
  region size 1024K, 4 young (4096K), 4 survivors (4096K)
 Metaspace       used 25879K, committed 26176K, reserved 1114112K
  class space    used 2718K, committed 2880K, reserved 1048576K
}
Event: 3.434 GC heap before
{Heap before GC invocations=6 (full 0):
 garbage-first heap   total 48128K, used 30722K [0x0000000081a00000, 0x0000000100000000)
  region size 1024K, 18 young (18432K), 4 survivors (4096K)
 Metaspace       used 27194K, committed 27456K, reserved 1114112K
  class space    used 2899K, committed 3008K, reserved 1048576K
}
Event: 3.445 GC heap after
{Heap after GC invocations=7 (full 0):
 garbage-first heap   total 48128K, used 19282K [0x0000000081a00000, 0x0000000100000000)
  region size 1024K, 3 young (3072K), 3 survivors (3072K)
 Metaspace       used 27194K, committed 27456K, reserved 1114112K
  class space    used 2899K, committed 3008K, reserved 1048576K
}
Event: 4.134 GC heap before
{Heap before GC invocations=7 (full 0):
 garbage-first heap   total 48128K, used 30546K [0x0000000081a00000, 0x0000000100000000)
  region size 1024K, 15 young (15360K), 3 survivors (3072K)
 Metaspace       used 31620K, committed 32000K, reserved 1114112K
  class space    used 3474K, committed 3648K, reserved 1048576K
}
Event: 4.139 GC heap after
{Heap after GC invocations=8 (full 0):
 garbage-first heap   total 48128K, used 20517K [0x0000000081a00000, 0x0000000100000000)
  region size 1024K, 2 young (2048K), 2 survivors (2048K)
 Metaspace       used 31620K, committed 32000K, reserved 1114112K
  class space    used 3474K, committed 3648K, reserved 1048576K
}
Event: 7.951 GC heap before
{Heap before GC invocations=8 (full 0):
 garbage-first heap   total 48128K, used 31781K [0x0000000081a00000, 0x0000000100000000)
  region size 1024K, 14 young (14336K), 2 survivors (2048K)
 Metaspace       used 34353K, committed 34624K, reserved 1114112K
  class space    used 3867K, committed 3968K, reserved 1048576K
}
Event: 7.957 GC heap after
{Heap after GC invocations=9 (full 0):
 garbage-first heap   total 48128K, used 21102K [0x0000000081a00000, 0x0000000100000000)
  region size 1024K, 2 young (2048K), 2 survivors (2048K)
 Metaspace       used 34353K, committed 34624K, reserved 1114112K
  class space    used 3867K, committed 3968K, reserved 1048576K
}
Event: 8.205 GC heap before
{Heap before GC invocations=9 (full 0):
 garbage-first heap   total 48128K, used 26222K [0x0000000081a00000, 0x0000000100000000)
  region size 1024K, 9 young (9216K), 2 survivors (2048K)
 Metaspace       used 35610K, committed 35968K, reserved 1114112K
  class space    used 4026K, committed 4224K, reserved 1048576K
}
Event: 8.208 GC heap after
{Heap after GC invocations=10 (full 0):
 garbage-first heap   total 48128K, used 21692K [0x0000000081a00000, 0x0000000100000000)
  region size 1024K, 2 young (2048K), 2 survivors (2048K)
 Metaspace       used 35610K, committed 35968K, reserved 1114112K
  class space    used 4026K, committed 4224K, reserved 1048576K
}
Event: 9.030 GC heap before
{Heap before GC invocations=11 (full 0):
 garbage-first heap   total 48128K, used 33980K [0x0000000081a00000, 0x0000000100000000)
  region size 1024K, 15 young (15360K), 2 survivors (2048K)
 Metaspace       used 39520K, committed 39808K, reserved 1114112K
  class space    used 4467K, committed 4608K, reserved 1048576K
}
Event: 9.034 GC heap after
{Heap after GC invocations=12 (full 0):
 garbage-first heap   total 48128K, used 23305K [0x0000000081a00000, 0x0000000100000000)
  region size 1024K, 2 young (2048K), 2 survivors (2048K)
 Metaspace       used 39520K, committed 39808K, reserved 1114112K
  class space    used 4467K, committed 4608K, reserved 1048576K
}
Event: 9.192 GC heap before
{Heap before GC invocations=13 (full 0):
 garbage-first heap   total 51200K, used 30473K [0x0000000081a00000, 0x0000000100000000)
  region size 1024K, 5 young (5120K), 2 survivors (2048K)
 Metaspace       used 40676K, committed 41024K, reserved 1114112K
  class space    used 4613K, committed 4736K, reserved 1048576K
}
Event: 9.196 GC heap after
{Heap after GC invocations=14 (full 0):
 garbage-first heap   total 51200K, used 28850K [0x0000000081a00000, 0x0000000100000000)
  region size 1024K, 1 young (1024K), 1 survivors (1024K)
 Metaspace       used 40676K, committed 41024K, reserved 1114112K
  class space    used 4613K, committed 4736K, reserved 1048576K
}
Event: 9.295 GC heap before
{Heap before GC invocations=15 (full 0):
 garbage-first heap   total 61440K, used 39090K [0x0000000081a00000, 0x0000000100000000)
  region size 1024K, 2 young (2048K), 1 survivors (1024K)
 Metaspace       used 40703K, committed 41024K, reserved 1114112K
  class space    used 4619K, committed 4736K, reserved 1048576K
}
Event: 9.296 GC heap after
{Heap after GC invocations=16 (full 0):
 garbage-first heap   total 61440K, used 39191K [0x0000000081a00000, 0x0000000100000000)
  region size 1024K, 1 young (1024K), 1 survivors (1024K)
 Metaspace       used 40703K, committed 41024K, reserved 1114112K
  class space    used 4619K, committed 4736K, reserved 1048576K
}
Event: 9.445 GC heap before
{Heap before GC invocations=17 (full 0):
 garbage-first heap   total 78848K, used 49431K [0x0000000081a00000, 0x0000000100000000)
  region size 1024K, 2 young (2048K), 1 survivors (1024K)
 Metaspace       used 40707K, committed 41024K, reserved 1114112K
  class space    used 4619K, committed 4736K, reserved 1048576K
}
Event: 9.446 GC heap after
{Heap after GC invocations=18 (full 0):
 garbage-first heap   total 78848K, used 49419K [0x0000000081a00000, 0x0000000100000000)
  region size 1024K, 1 young (1024K), 1 survivors (1024K)
 Metaspace       used 40707K, committed 41024K, reserved 1114112K
  class space    used 4619K, committed 4736K, reserved 1048576K
}
Event: 9.593 GC heap before
{Heap before GC invocations=19 (full 0):
 garbage-first heap   total 96256K, used 59659K [0x0000000081a00000, 0x0000000100000000)
  region size 1024K, 2 young (2048K), 1 survivors (1024K)
 Metaspace       used 40709K, committed 41024K, reserved 1114112K
  class space    used 4619K, committed 4736K, reserved 1048576K
}
Event: 9.595 GC heap after
{Heap after GC invocations=20 (full 0):
 garbage-first heap   total 96256K, used 49411K [0x0000000081a00000, 0x0000000100000000)
  region size 1024K, 1 young (1024K), 1 survivors (1024K)
 Metaspace       used 40709K, committed 41024K, reserved 1114112K
  class space    used 4619K, committed 4736K, reserved 1048576K
}

